# JRE version: Java(TM) SE Runtime Environment (8.0_11-b12) (build 1.8.0_11-b12)
# Java VM: Java HotSpot(TM) 64-Bit Server VM (25.11-b03 mixed mode windows-amd64 compressed oops)
Heap:
 PSYoungGen      total 109568K, used 10725K [0x00000000eab00000, 0x00000000f2700000, 0x0000000100000000)
  eden space 96768K, 0% used [0x00000000eab00000,0x00000000eab00040,0x00000000f0980000)
  from space 12800K, 83% used [0x00000000f1780000,0x00000000f21f9758,0x00000000f2400000)
  to   space 14336K, 0% used [0x00000000f0980000,0x00000000f0980000,0x00000000f1780000)
 ParOldGen       total 129536K, used 51314K [0x00000000c0000000, 0x00000000c7e80000, 0x00000000eab00000)
  object space 129536K, 39% used [0x00000000c0000000,0x00000000c321c858,0x00000000c7e80000)
 Metaspace       used 5788K, capacity 7024K, committed 7296K, reserved 1056768K
  class space    used 576K, capacity 616K, committed 640K, reserved 1048576K
GC Heap History (10 events):
Event: 10.902 GC heap before
{Heap before GC invocations=16 (full 0):
 PSYoungGen      total 36352K, used 36320K [0x00000000eab00000, 0x00000000ee980000, 0x0000000100000000)
  eden space 32256K, 100% used [0x00000000eab00000,0x00000000eca80000,0x00000000eca80000)
  from space 4096K, 99% used [0x00000000eca80000,0x00000000ece78010,0x00000000ece80000)
  to   space 6144K, 0% used [0x00000000ee380000,0x00000000ee380000,0x00000000ee980000)
 ParOldGen       total 129536K, used 16781K [0x00000000c0000000, 0x00000000c7e80000, 0x00000000eab00000)
  object space 129536K, 12% used [0x00000000c0000000,0x00000000c1063698,0x00000000c7e80000)
 Metaspace       used 5660K, capacity 6960K, committed 7040K, reserved 1056768K
  class space    used 556K, capacity 616K, committed 640K, reserved 1048576K
Event: 10.961 GC heap after
Heap after GC invocations=16 (full 0):
 PSYoungGen      total 56832K, used 5159K [0x00000000eab00000, 0x00000000eeb80000, 0x0000000100000000)
  eden space 50688K, 0% used [0x00000000eab00000,0x00000000eab00000,0x00000000edc80000)
  from space 6144K, 83% used [0x00000000ee380000,0x00000000ee889cc0,0x00000000ee980000)
  to   space 7168K, 0% used [0x00000000edc80000,0x00000000edc80000,0x00000000ee380000)
 ParOldGen       total 129536K, used 20846K [0x00000000c0000000, 0x00000000c7e80000, 0x00000000eab00000)
  object space 129536K, 16% used [0x00000000c0000000,0x00000000c145b9a8,0x00000000c7e80000)
 Metaspace       used 5660K, capacity 6960K, committed 7040K, reserved 1056768K
  class space    used 556K, capacity 616K, committed 640K, reserved 1048576K
}
Event: 12.740 GC heap before
{Heap before GC invocations=17 (full 0):
 PSYoungGen      total 56832K, used 55847K [0x00000000eab00000, 0x00000000eeb80000, 0x0000000100000000)
  eden space 50688K, 100% used [0x00000000eab00000,0x00000000edc80000,0x00000000edc80000)
  from space 6144K, 83% used [0x00000000ee380000,0x00000000ee889cc0,0x00000000ee980000)
  to   space 7168K, 0% used [0x00000000edc80000,0x00000000edc80000,0x00000000ee380000)
 ParOldGen       total 129536K, used 20846K [0x00000000c0000000, 0x00000000c7e80000, 0x00000000eab00000)
  object space 129536K, 16% used [0x00000000c0000000,0x00000000c145b9a8,0x00000000c7e80000)
 Metaspace       used 5672K, capacity 6960K, committed 7040K, reserved 1056768K
  class space    used 556K, capacity 616K, committed 640K, reserved 1048576K
Event: 13.402 GC heap after
Heap after GC invocations=17 (full 0):
 PSYoungGen      total 57856K, used 7153K [0x00000000eab00000, 0x00000000f0480000, 0x0000000100000000)
  eden space 50688K, 0% used [0x00000000eab00000,0x00000000eab00000,0x00000000edc80000)
  from space 7168K, 99% used [0x00000000edc80000,0x00000000ee37c6e8,0x00000000ee380000)
  to   space 10240K, 0% used [0x00000000efa80000,0x00000000efa80000,0x00000000f0480000)
 ParOldGen       total 129536K, used 26577K [0x00000000c0000000, 0x00000000c7e80000, 0x00000000eab00000)
  object space 129536K, 20% used [0x00000000c0000000,0x00000000c19f47b8,0x00000000c7e80000)
 Metaspace       used 5672K, capacity 6960K, committed 7040K, reserved 1056768K
  class space    used 556K, capacity 616K, committed 640K, reserved 1048576K
}
Event: 14.504 GC heap before
{Heap before GC invocations=18 (full 0):
 PSYoungGen      total 57856K, used 57841K [0x00000000eab00000, 0x00000000f0480000, 0x0000000100000000)
  eden space 50688K, 100% used [0x00000000eab00000,0x00000000edc80000,0x00000000edc80000)
  from space 7168K, 99% used [0x00000000edc80000,0x00000000ee37c6e8,0x00000000ee380000)
  to   space 10240K, 0% used [0x00000000efa80000,0x00000000efa80000,0x00000000f0480000)
 ParOldGen       total 129536K, used 26577K [0x00000000c0000000, 0x00000000c7e80000, 0x00000000eab00000)
  object space 129536K, 20% used [0x00000000c0000000,0x00000000c19f47b8,0x00000000c7e80000)
 Metaspace       used 5685K, capacity 6960K, committed 7040K, reserved 1056768K
  class space    used 556K, capacity 616K, committed 640K, reserved 1048576K
Event: 14.884 GC heap after
Heap after GC invocations=18 (full 0):
 PSYoungGen      total 80384K, used 8530K [0x00000000eab00000, 0x00000000f0680000, 0x0000000100000000)
  eden space 70144K, 0% used [0x00000000eab00000,0x00000000eab00000,0x00000000eef80000)
  from space 10240K, 83% used [0x00000000efa80000,0x00000000f02d4958,0x00000000f0480000)
  to   space 11264K, 0% used [0x00000000eef80000,0x00000000eef80000,0x00000000efa80000)
 ParOldGen       total 129536K, used 33730K [0x00000000c0000000, 0x00000000c7e80000, 0x00000000eab00000)
  object space 129536K, 26% used [0x00000000c0000000,0x00000000c20f09d8,0x00000000c7e80000)
 Metaspace       used 5685K, capacity 6960K, committed 7040K, reserved 1056768K
  class space    used 556K, capacity 616K, committed 640K, reserved 1048576K
}
Event: 15.817 GC heap before
{Heap before GC invocations=19 (full 0):
 PSYoungGen      total 80384K, used 78674K [0x00000000eab00000, 0x00000000f0680000, 0x0000000100000000)
  eden space 70144K, 100% used [0x00000000eab00000,0x00000000eef80000,0x00000000eef80000)
  from space 10240K, 83% used [0x00000000efa80000,0x00000000f02d4958,0x00000000f0480000)
  to   space 11264K, 0% used [0x00000000eef80000,0x00000000eef80000,0x00000000efa80000)
 ParOldGen       total 129536K, used 33730K [0x00000000c0000000, 0x00000000c7e80000, 0x00000000eab00000)
  object space 129536K, 26% used [0x00000000c0000000,0x00000000c20f09d8,0x00000000c7e80000)
 Metaspace       used 5782K, capacity 7024K, committed 7296K, reserved 1056768K
  class space    used 576K, capacity 616K, committed 640K, reserved 1048576K
Event: 17.274 GC heap after
Heap after GC invocations=19 (full 0):
 PSYoungGen      total 81408K, used 9941K [0x00000000eab00000, 0x00000000f2400000, 0x0000000100000000)
  eden space 70144K, 0% used [0x00000000eab00000,0x00000000eab00000,0x00000000eef80000)
  from space 11264K, 88% used [0x00000000eef80000,0x00000000ef935738,0x00000000efa80000)
  to   space 12800K, 0% used [0x00000000f1780000,0x00000000f1780000,0x00000000f2400000)
 ParOldGen       total 129536K, used 41809K [0x00000000c0000000, 0x00000000c7e80000, 0x00000000eab00000)
  object space 129536K, 32% used [0x00000000c0000000,0x00000000c28d4698,0x00000000c7e80000)
 Metaspace       used 5782K, capacity 7024K, committed 7296K, reserved 1056768K
  class space    used 576K, capacity 616K, committed 640K, reserved 1048576K
}
Event: 18.954 GC heap before
{Heap before GC invocations=20 (full 0):
 PSYoungGen      total 81408K, used 80085K [0x00000000eab00000, 0x00000000f2400000, 0x0000000100000000)
  eden space 70144K, 100% used [0x00000000eab00000,0x00000000eef80000,0x00000000eef80000)
  from space 11264K, 88% used [0x00000000eef80000,0x00000000ef935738,0x00000000efa80000)
  to   space 12800K, 0% used [0x00000000f1780000,0x00000000f1780000,0x00000000f2400000)
 ParOldGen       total 129536K, used 41809K [0x00000000c0000000, 0x00000000c7e80000, 0x00000000eab00000)
  object space 129536K, 32% used [0x00000000c0000000,0x00000000c28d4698,0x00000000c7e80000)
 Metaspace       used 5788K, capacity 7024K, committed 7296K, reserved 1056768K
  class space    used 576K, capacity 616K, committed 640K, reserved 1048576K
Event: 20.616 GC heap after
Heap after GC invocations=20 (full 0):
 PSYoungGen      total 109568K, used 10725K [0x00000000eab00000, 0x00000000f2700000, 0x0000000100000000)
  eden space 96768K, 0% used [0x00000000eab00000,0x00000000eab00000,0x00000000f0980000)
  from space 12800K, 83% used [0x00000000f1780000,0x00000000f21f9758,0x00000000f2400000)
  to   space 14336K, 0% used [0x00000000f0980000,0x00000000f0980000,0x00000000f1780000)
 ParOldGen       total 129536K, used 51314K [0x00000000c0000000, 0x00000000c7e80000, 0x00000000eab00000)
  object space 129536K, 39% used [0x00000000c0000000,0x00000000c321c858,0x00000000c7e80000)
 Metaspace       used 5788K, capacity 7024K, committed 7296K, reserved 1056768K
  class space    used 576K, capacity 616K, committed 640K, reserved 1048576K
}

