# JRE version: Java(TM) SE Runtime Environment (8.0_11-b12) (build 1.8.0_11-b12)
# Java VM: Java HotSpot(TM) 64-Bit Server VM (25.11-b03 mixed mode windows-amd64 compressed oops)
Heap:
 PSYoungGen      total 77824K, used 66427K [0x00000000eab00000, 0x00000000f0180000, 0x0000000100000000)
  eden space 70144K, 84% used [0x00000000eab00000,0x00000000ee4ef4b8,0x00000000eef80000)
  from space 7680K, 92% used [0x00000000ef800000,0x00000000efeef878,0x00000000eff80000)
  to   space 8704K, 0% used [0x00000000eef80000,0x00000000eef80000,0x00000000ef800000)
 ParOldGen       total 129536K, used 31895K [0x00000000c0000000, 0x00000000c7e80000, 0x00000000eab00000)
  object space 129536K, 24% used [0x00000000c0000000,0x00000000c1f25d50,0x00000000c7e80000)
 Metaspace       used 6049K, capacity 7216K, committed 7296K, reserved 1056768K
  class space    used 594K, capacity 616K, committed 640K, reserved 1048576K
GC Heap History (10 events):
Event: 8.012 GC heap before
{Heap before GC invocations=14 (full 0):
 PSYoungGen      total 23552K, used 22910K [0x00000000eab00000, 0x00000000ed180000, 0x0000000100000000)
  eden space 19968K, 100% used [0x00000000eab00000,0x00000000ebe80000,0x00000000ebe80000)
  from space 3584K, 82% used [0x00000000ebe80000,0x00000000ec15f928,0x00000000ec200000)
  to   space 3584K, 0% used [0x00000000ece00000,0x00000000ece00000,0x00000000ed180000)
 ParOldGen       total 129536K, used 10009K [0x00000000c0000000, 0x00000000c7e80000, 0x00000000eab00000)
  object space 129536K, 7% used [0x00000000c0000000,0x00000000c09c6528,0x00000000c7e80000)
 Metaspace       used 5627K, capacity 6960K, committed 7040K, reserved 1056768K
  class space    used 556K, capacity 616K, committed 640K, reserved 1048576K
Event: 8.573 GC heap after
Heap after GC invocations=14 (full 0):
 PSYoungGen      total 35328K, used 3280K [0x00000000eab00000, 0x00000000ed280000, 0x0000000100000000)
  eden space 31744K, 0% used [0x00000000eab00000,0x00000000eab00000,0x00000000eca00000)
  from space 3584K, 91% used [0x00000000ece00000,0x00000000ed134010,0x00000000ed180000)
  to   space 4096K, 0% used [0x00000000eca00000,0x00000000eca00000,0x00000000ece00000)
 ParOldGen       total 129536K, used 12829K [0x00000000c0000000, 0x00000000c7e80000, 0x00000000eab00000)
  object space 129536K, 9% used [0x00000000c0000000,0x00000000c0c87518,0x00000000c7e80000)
 Metaspace       used 5627K, capacity 6960K, committed 7040K, reserved 1056768K
  class space    used 556K, capacity 616K, committed 640K, reserved 1048576K
}
Event: 9.489 GC heap before
{Heap before GC invocations=15 (full 0):
 PSYoungGen      total 35328K, used 35024K [0x00000000eab00000, 0x00000000ed280000, 0x0000000100000000)
  eden space 31744K, 100% used [0x00000000eab00000,0x00000000eca00000,0x00000000eca00000)
  from space 3584K, 91% used [0x00000000ece00000,0x00000000ed134010,0x00000000ed180000)
  to   space 4096K, 0% used [0x00000000eca00000,0x00000000eca00000,0x00000000ece00000)
 ParOldGen       total 129536K, used 12829K [0x00000000c0000000, 0x00000000c7e80000, 0x00000000eab00000)
  object space 129536K, 9% used [0x00000000c0000000,0x00000000c0c87518,0x00000000c7e80000)
 Metaspace       used 5641K, capacity 6960K, committed 7040K, reserved 1056768K
  class space    used 557K, capacity 616K, committed 640K, reserved 1048576K
Event: 10.924 GC heap after
Heap after GC invocations=15 (full 0):
 PSYoungGen      total 35840K, used 4095K [0x00000000eab00000, 0x00000000ee900000, 0x0000000100000000)
  eden space 31744K, 0% used [0x00000000eab00000,0x00000000eab00000,0x00000000eca00000)
  from space 4096K, 99% used [0x00000000eca00000,0x00000000ecdffcf8,0x00000000ece00000)
  to   space 6144K, 0% used [0x00000000ee300000,0x00000000ee300000,0x00000000ee900000)
 ParOldGen       total 129536K, used 16796K [0x00000000c0000000, 0x00000000c7e80000, 0x00000000eab00000)
  object space 129536K, 12% used [0x00000000c0000000,0x00000000c10673e0,0x00000000c7e80000)
 Metaspace       used 5641K, capacity 6960K, committed 7040K, reserved 1056768K
  class space    used 557K, capacity 616K, committed 640K, reserved 1048576K
}
Event: 11.450 GC heap before
{Heap before GC invocations=16 (full 0):
 PSYoungGen      total 35840K, used 35839K [0x00000000eab00000, 0x00000000ee900000, 0x0000000100000000)
  eden space 31744K, 100% used [0x00000000eab00000,0x00000000eca00000,0x00000000eca00000)
  from space 4096K, 99% used [0x00000000eca00000,0x00000000ecdffcf8,0x00000000ece00000)
  to   space 6144K, 0% used [0x00000000ee300000,0x00000000ee300000,0x00000000ee900000)
 ParOldGen       total 129536K, used 16796K [0x00000000c0000000, 0x00000000c7e80000, 0x00000000eab00000)
  object space 129536K, 12% used [0x00000000c0000000,0x00000000c10673e0,0x00000000c7e80000)
 Metaspace       used 5645K, capacity 6960K, committed 7040K, reserved 1056768K
  class space    used 557K, capacity 616K, committed 640K, reserved 1048576K
Event: 12.424 GC heap after
Heap after GC invocations=16 (full 0):
 PSYoungGen      total 56832K, used 5036K [0x00000000eab00000, 0x00000000eea00000, 0x0000000100000000)
  eden space 50688K, 0% used [0x00000000eab00000,0x00000000eab00000,0x00000000edc80000)
  from space 6144K, 81% used [0x00000000ee300000,0x00000000ee7eb340,0x00000000ee900000)
  to   space 6656K, 0% used [0x00000000edc80000,0x00000000edc80000,0x00000000ee300000)
 ParOldGen       total 129536K, used 20883K [0x00000000c0000000, 0x00000000c7e80000, 0x00000000eab00000)
  object space 129536K, 16% used [0x00000000c0000000,0x00000000c1464ef8,0x00000000c7e80000)
 Metaspace       used 5645K, capacity 6960K, committed 7040K, reserved 1056768K
  class space    used 557K, capacity 616K, committed 640K, reserved 1048576K
}
Event: 13.585 GC heap before
{Heap before GC invocations=17 (full 0):
 PSYoungGen      total 56832K, used 55724K [0x00000000eab00000, 0x00000000eea00000, 0x0000000100000000)
  eden space 50688K, 100% used [0x00000000eab00000,0x00000000edc80000,0x00000000edc80000)
  from space 6144K, 81% used [0x00000000ee300000,0x00000000ee7eb340,0x00000000ee900000)
  to   space 6656K, 0% used [0x00000000edc80000,0x00000000edc80000,0x00000000ee300000)
 ParOldGen       total 129536K, used 20883K [0x00000000c0000000, 0x00000000c7e80000, 0x00000000eab00000)
  object space 129536K, 16% used [0x00000000c0000000,0x00000000c1464ef8,0x00000000c7e80000)
 Metaspace       used 5745K, capacity 6960K, committed 7040K, reserved 1056768K
  class space    used 575K, capacity 616K, committed 640K, reserved 1048576K
Event: 16.192 GC heap after
Heap after GC invocations=17 (full 0):
 PSYoungGen      total 57344K, used 6400K [0x00000000eab00000, 0x00000000eff80000, 0x0000000100000000)
  eden space 50688K, 0% used [0x00000000eab00000,0x00000000eab00000,0x00000000edc80000)
  from space 6656K, 96% used [0x00000000edc80000,0x00000000ee2c02a0,0x00000000ee300000)
  to   space 7680K, 0% used [0x00000000ef800000,0x00000000ef800000,0x00000000eff80000)
 ParOldGen       total 129536K, used 25667K [0x00000000c0000000, 0x00000000c7e80000, 0x00000000eab00000)
  object space 129536K, 19% used [0x00000000c0000000,0x00000000c1910d60,0x00000000c7e80000)
 Metaspace       used 5745K, capacity 6960K, committed 7040K, reserved 1056768K
  class space    used 575K, capacity 616K, committed 640K, reserved 1048576K
}
Event: 17.959 GC heap before
{Heap before GC invocations=18 (full 0):
 PSYoungGen      total 57344K, used 57088K [0x00000000eab00000, 0x00000000eff80000, 0x0000000100000000)
  eden space 50688K, 100% used [0x00000000eab00000,0x00000000edc80000,0x00000000edc80000)
  from space 6656K, 96% used [0x00000000edc80000,0x00000000ee2c02a0,0x00000000ee300000)
  to   space 7680K, 0% used [0x00000000ef800000,0x00000000ef800000,0x00000000eff80000)
 ParOldGen       total 129536K, used 25667K [0x00000000c0000000, 0x00000000c7e80000, 0x00000000eab00000)
  object space 129536K, 19% used [0x00000000c0000000,0x00000000c1910d60,0x00000000c7e80000)
 Metaspace       used 5769K, capacity 6960K, committed 7040K, reserved 1056768K
  class space    used 575K, capacity 616K, committed 640K, reserved 1048576K
Event: 18.207 GC heap after
Heap after GC invocations=18 (full 0):
 PSYoungGen      total 77824K, used 7102K [0x00000000eab00000, 0x00000000f0180000, 0x0000000100000000)
  eden space 70144K, 0% used [0x00000000eab00000,0x00000000eab00000,0x00000000eef80000)
  from space 7680K, 92% used [0x00000000ef800000,0x00000000efeef878,0x00000000eff80000)
  to   space 8704K, 0% used [0x00000000eef80000,0x00000000eef80000,0x00000000ef800000)
 ParOldGen       total 129536K, used 31895K [0x00000000c0000000, 0x00000000c7e80000, 0x00000000eab00000)
  object space 129536K, 24% used [0x00000000c0000000,0x00000000c1f25d50,0x00000000c7e80000)
 Metaspace       used 5769K, capacity 6960K, committed 7040K, reserved 1056768K
  class space    used 575K, capacity 616K, committed 640K, reserved 1048576K
}

